#
# There is insufficient memory for the Java Runtime Environment to continue.
# Native memory allocation (mmap) failed to map 230686720 bytes for G1 virtual space
# Possible reasons:
#   The system is out of physical RAM or swap space
#   The process is running with CompressedOops enabled, and the Java Heap may be blocking the growth of the native heap
# Possible solutions:
#   Reduce memory load on the system
#   Increase physical memory or swap space
#   Check if swap backing store is full
#   Decrease Java heap size (-Xmx/-Xms)
#   Decrease number of Java threads
#   Decrease Java thread stack sizes (-Xss)
#   Set larger code cache with -XX:ReservedCodeCacheSize=
#   JVM is running with Zero Based Compressed Oops mode in which the Java heap is
#     placed in the first 32GB address space. The Java Heap base address is the
#     maximum limit for the native heap growth. Please use -XX:HeapBaseMinAddress
#     to set the Java Heap base and to place the Java Heap above 32GB virtual address.
# This output file may be truncated or incomplete.
#
#  Out of Memory Error (os_windows.cpp:3548), pid=3304, tid=19036
#
# JRE version:  (17.0.10+11) (build )
# Java VM: Java HotSpot(TM) 64-Bit Server VM (17.0.10+11-LTS-240, mixed mode, emulated-client, sharing, tiered, compressed oops, compressed class ptrs, g1 gc, windows-amd64)
# No core dump will be written. Minidumps are not enabled by default on client versions of Windows
#

---------------  S U M M A R Y ------------

Command Line: -XX:TieredStopAtLevel=1 -Dspring.output.ansi.enabled=always -Dcom.sun.management.jmxremote -Dspring.jmx.enabled=true -Dspring.liveBeansView.mbeanDomain -Dspring.application.admin.enabled=true -Dmanagement.endpoints.jmx.exposure.include=* -javaagent:D:\app\IntelliJ IDEA 2024.1.7\lib\idea_rt.jar=63894:D:\app\IntelliJ IDEA 2024.1.7\bin -Dfile.encoding=UTF-8 com.code.operationlogservice.OperationLogServiceApplication

Host: AMD Ryzen 7 6800H with Radeon Graphics         , 16 cores, 13G,  Windows 11 , 64 bit Build 26100 (10.0.26100.4202)
Time: Fri Jun 20 19:05:35 2025  Windows 11 , 64 bit Build 26100 (10.0.26100.4202) elapsed time: 0.018122 seconds (0d 0h 0m 0s)

---------------  T H R E A D  ---------------

Current thread (0x0000025ddf5eb710):  JavaThread "Unknown thread" [_thread_in_vm, id=19036, stack(0x000000b693b00000,0x000000b693c00000)]

Stack: [0x000000b693b00000,0x000000b693c00000]
Native frames: (J=compiled Java code, j=interpreted, Vv=VM code, C=native code)
V  [jvm.dll+0x677a5a]
V  [jvm.dll+0x7d8b2d]
V  [jvm.dll+0x7da48e]
V  [jvm.dll+0x7daaf3]
V  [jvm.dll+0x2455ff]
V  [jvm.dll+0x6749b9]
V  [jvm.dll+0x669382]
V  [jvm.dll+0x302e96]
V  [jvm.dll+0x30a416]
V  [jvm.dll+0x359cbe]
V  [jvm.dll+0x359eef]
V  [jvm.dll+0x2d9e88]
V  [jvm.dll+0x2dadf4]
V  [jvm.dll+0x7aa551]
V  [jvm.dll+0x367911]
V  [jvm.dll+0x789639]
V  [jvm.dll+0x3eb30f]
V  [jvm.dll+0x3ecd91]
C  [jli.dll+0x5297]
C  [ucrtbase.dll+0x37b0]
C  [KERNEL32.DLL+0x2e8d7]
C  [ntdll.dll+0x3c34c]


---------------  P R O C E S S  ---------------

Threads class SMR info:
_java_thread_list=0x00007ffe0b776a18, length=0, elements={
}

Java Threads: ( => current thread )

Other Threads:
  0x0000025ddf64c520 GCTaskThread "GC Thread#0" [stack: 0x000000b693c00000,0x000000b693d00000] [id=18244]
  0x0000025ddf65bc50 ConcurrentGCThread "G1 Main Marker" [stack: 0x000000b693d00000,0x000000b693e00000] [id=20104]
  0x0000025ddf65d510 ConcurrentGCThread "G1 Conc#0" [stack: 0x000000b693e00000,0x000000b693f00000] [id=20136]

[error occurred during error reporting (printing all threads), id 0xc0000005, EXCEPTION_ACCESS_VIOLATION (0xc0000005) at pc=0x00007ffe0afaaae7]

VM state: not at safepoint (not fully initialized)

VM Mutex/Monitor currently owned by a thread:  ([mutex/lock_event])
[0x0000025ddf5e7300] Heap_lock - owner thread: 0x0000025ddf5eb710

Heap address: 0x0000000724e00000, size: 3506 MB, Compressed Oops mode: Zero based, Oop shift amount: 3

CDS archive(s) mapped at: [0x0000000000000000-0x0000000000000000-0x0000000000000000), size 0, SharedBaseAddress: 0x0000000800000000, ArchiveRelocationMode: 1.
Narrow klass base: 0x0000000000000000, Narrow klass shift: 0, Narrow klass range: 0x0

GC Precious Log:
<Empty>

Heap:
 garbage-first heap   total 0K, used 0K [0x0000000724e00000, 0x0000000800000000)
  region size 2048K, 0 young (0K), 0 survivors (0K)

[error occurred during error reporting (printing heap information), id 0xc0000005, EXCEPTION_ACCESS_VIOLATION (0xc0000005) at pc=0x00007ffe0b391249]

GC Heap History (0 events):
No events

Deoptimization events (0 events):
No events

Classes unloaded (0 events):
No events

Classes redefined (0 events):
No events

Internal exceptions (0 events):
No events

VM Operations (0 events):
No events

Events (1 events):
Event: 0.012 Loaded shared library D:\jdk17\jdk-17.0.10\bin\java.dll


Dynamic libraries:
0x00007ff7a8e30000 - 0x00007ff7a8e40000 	D:\jdk17\jdk-17.0.10\bin\java.exe
0x00007ffed68a0000 - 0x00007ffed6b05000 	C:\WINDOWS\SYSTEM32\ntdll.dll
0x00007ffed5f60000 - 0x00007ffed6029000 	C:\WINDOWS\System32\KERNEL32.DLL
0x00007ffed39f0000 - 0x00007ffed3dd8000 	C:\WINDOWS\System32\KERNELBASE.dll
0x00007ffed3de0000 - 0x00007ffed3f2b000 	C:\WINDOWS\System32\ucrtbase.dll
0x00007ffecdf60000 - 0x00007ffecdf79000 	D:\jdk17\jdk-17.0.10\bin\jli.dll
0x00007ffecdfc0000 - 0x00007ffecdfdb000 	D:\jdk17\jdk-17.0.10\bin\VCRUNTIME140.dll
0x00007ffed6030000 - 0x00007ffed60e3000 	C:\WINDOWS\System32\ADVAPI32.dll
0x00007ffed6440000 - 0x00007ffed64e9000 	C:\WINDOWS\System32\msvcrt.dll
0x00007ffed6610000 - 0x00007ffed66b6000 	C:\WINDOWS\System32\sechost.dll
0x00007ffed6180000 - 0x00007ffed6295000 	C:\WINDOWS\System32\RPCRT4.dll
0x00007ffed4e20000 - 0x00007ffed4fea000 	C:\WINDOWS\System32\USER32.dll
0x00007ffed4060000 - 0x00007ffed4087000 	C:\WINDOWS\System32\win32u.dll
0x00007ffebab00000 - 0x00007ffebad9a000 	C:\WINDOWS\WinSxS\amd64_microsoft.windows.common-controls_6595b64144ccf1df_6.0.26100.4202_none_3e0698d4e335f517\COMCTL32.dll
0x00007ffed4df0000 - 0x00007ffed4e1b000 	C:\WINDOWS\System32\GDI32.dll
0x00007ffed4210000 - 0x00007ffed4347000 	C:\WINDOWS\System32\gdi32full.dll
0x00007ffed4590000 - 0x00007ffed4633000 	C:\WINDOWS\System32\msvcp_win.dll
0x00007ffecc5c0000 - 0x00007ffecc5cb000 	C:\WINDOWS\SYSTEM32\VERSION.dll
0x00007ffed6550000 - 0x00007ffed6580000 	C:\WINDOWS\System32\IMM32.DLL
0x00007ffecdfb0000 - 0x00007ffecdfbc000 	D:\jdk17\jdk-17.0.10\bin\vcruntime140_1.dll
0x00007ffeb2090000 - 0x00007ffeb211e000 	D:\jdk17\jdk-17.0.10\bin\msvcp140.dll
0x00007ffe0acc0000 - 0x00007ffe0b89f000 	D:\jdk17\jdk-17.0.10\bin\server\jvm.dll
0x00007ffed60f0000 - 0x00007ffed60f8000 	C:\WINDOWS\System32\PSAPI.DLL
0x00007ffeaf5d0000 - 0x00007ffeaf5da000 	C:\WINDOWS\SYSTEM32\WSOCK32.dll
0x00007ffecc580000 - 0x00007ffecc5b5000 	C:\WINDOWS\SYSTEM32\WINMM.dll
0x00007ffed5ee0000 - 0x00007ffed5f54000 	C:\WINDOWS\System32\WS2_32.dll
0x00007ffed2770000 - 0x00007ffed278b000 	C:\WINDOWS\SYSTEM32\kernel.appcore.dll
0x00007ffece030000 - 0x00007ffece03a000 	D:\jdk17\jdk-17.0.10\bin\jimage.dll
0x00007ffed0d20000 - 0x00007ffed0f61000 	C:\WINDOWS\SYSTEM32\DBGHELP.DLL
0x00007ffed5480000 - 0x00007ffed5805000 	C:\WINDOWS\System32\combase.dll
0x00007ffed5d80000 - 0x00007ffed5e61000 	C:\WINDOWS\System32\OLEAUT32.dll
0x00007ffebfd80000 - 0x00007ffebfdb9000 	C:\WINDOWS\SYSTEM32\dbgcore.DLL
0x00007ffed3fc0000 - 0x00007ffed4059000 	C:\WINDOWS\System32\bcryptPrimitives.dll
0x00007ffecdf80000 - 0x00007ffecdf8e000 	D:\jdk17\jdk-17.0.10\bin\instrument.dll
0x00007ffebc1e0000 - 0x00007ffebc205000 	D:\jdk17\jdk-17.0.10\bin\java.dll

dbghelp: loaded successfully - version: 4.0.5 - missing functions: none
symbol engine: initialized successfully - sym options: 0x614 - pdb path: .;D:\jdk17\jdk-17.0.10\bin;C:\WINDOWS\SYSTEM32;C:\WINDOWS\WinSxS\amd64_microsoft.windows.common-controls_6595b64144ccf1df_6.0.26100.4202_none_3e0698d4e335f517;D:\jdk17\jdk-17.0.10\bin\server

VM Arguments:
jvm_args: -XX:TieredStopAtLevel=1 -Dspring.output.ansi.enabled=always -Dcom.sun.management.jmxremote -Dspring.jmx.enabled=true -Dspring.liveBeansView.mbeanDomain -Dspring.application.admin.enabled=true -Dmanagement.endpoints.jmx.exposure.include=* -javaagent:D:\app\IntelliJ IDEA 2024.1.7\lib\idea_rt.jar=63894:D:\app\IntelliJ IDEA 2024.1.7\bin -Dfile.encoding=UTF-8 
java_command: com.code.operationlogservice.OperationLogServiceApplication
java_class_path (initial): D:\zz\AuthoritySystem\OperationLogService\target\classes;C:\Users\∫Æ¥∫≥ı“ª\.m2\repository\org\springframework\boot\spring-boot-starter-data-jdbc\2.6.13\spring-boot-starter-data-jdbc-2.6.13.jar;C:\Users\∫Æ¥∫≥ı“ª\.m2\repository\org\springframework\boot\spring-boot-starter-jdbc\2.6.13\spring-boot-starter-jdbc-2.6.13.jar;C:\Users\∫Æ¥∫≥ı“ª\.m2\repository\com\zaxxer\HikariCP\4.0.3\HikariCP-4.0.3.jar;C:\Users\∫Æ¥∫≥ı“ª\.m2\repository\org\springframework\spring-jdbc\5.3.23\spring-jdbc-5.3.23.jar;C:\Users\∫Æ¥∫≥ı“ª\.m2\repository\org\springframework\data\spring-data-jdbc\2.3.9\spring-data-jdbc-2.3.9.jar;C:\Users\∫Æ¥∫≥ı“ª\.m2\repository\org\springframework\data\spring-data-relational\2.3.9\spring-data-relational-2.3.9.jar;C:\Users\∫Æ¥∫≥ı“ª\.m2\repository\org\springframework\data\spring-data-commons\2.6.9\spring-data-commons-2.6.9.jar;C:\Users\∫Æ¥∫≥ı“ª\.m2\repository\org\springframework\spring-tx\5.3.23\spring-tx-5.3.23.jar;C:\Users\∫Æ¥∫≥ı“ª\.m2\repository\org\springframework\spring-context\5.3.23\spring-context-5.3.23.jar;C:\Users\∫Æ¥∫≥ı“ª\.m2\repository\org\springframework\spring-beans\5.3.23\spring-beans-5.3.23.jar;C:\Users\∫Æ¥∫≥ı“ª\.m2\repository\org\slf4j\slf4j-api\1.7.36\slf4j-api-1.7.36.jar;C:\Users\∫Æ¥∫≥ı“ª\.m2\repository\com\alibaba\cloud\spring-cloud-starter-alibaba-seata\2.2.0.RELEASE\spring-cloud-starter-alibaba-seata-2.2.0.RELEASE.jar;C:\Users\∫Æ¥∫≥ı“ª\.m2\repository\com\alibaba\cloud\spring-cloud-alibaba-seata\2.2.0.RELEASE\spring-cloud-alibaba-seata-2.2.0.RELEASE.jar;C:\Users\∫Æ¥∫≥ı“ª\.m2\repository\io\seata\seata-spring-boot-starter\1.0.0\seata-spring-boot-starter-1.0.0.jar;C:\Users\∫Æ¥∫≥ı“ª\.m2\repository\io\seata\seata-all\1.0.0\seata-all-1.0.0.jar;C:\Users\∫Æ¥∫≥ı“ª\.m2\repository\io\netty\netty-all\4.1.84.Final\netty-all-4.1.84.Final.jar;C:\Users\∫Æ¥∫≥ı“ª\.m2\repository\io\netty\netty-codec-dns\4.1.84.Final\netty-codec-dns-4.1.84.Final.jar;C:\Users\∫Æ¥∫≥ı“ª\.m2\repository\io\netty\netty-codec-haproxy\4.1.84.Final\netty-codec-haprox
Launcher Type: SUN_STANDARD

[Global flags]
     intx CICompilerCount                          = 12                                        {product} {ergonomic}
     uint ConcGCThreads                            = 3                                         {product} {ergonomic}
     uint G1ConcRefinementThreads                  = 13                                        {product} {ergonomic}
   size_t G1HeapRegionSize                         = 2097152                                   {product} {ergonomic}
    uintx GCDrainStackTargetSize                   = 64                                        {product} {ergonomic}
   size_t InitialHeapSize                          = 230686720                                 {product} {ergonomic}
     bool ManagementServer                         = true                                      {product} {command line}
   size_t MarkStackSize                            = 4194304                                   {product} {ergonomic}
   size_t MaxHeapSize                              = 3676307456                                {product} {ergonomic}
   size_t MinHeapDeltaBytes                        = 2097152                                   {product} {ergonomic}
   size_t MinHeapSize                              = 8388608                                   {product} {ergonomic}
    uintx NonProfiledCodeHeapSize                  = 0                                      {pd product} {ergonomic}
     bool ProfileInterpreter                       = false                                  {pd product} {command line}
    uintx ProfiledCodeHeapSize                     = 0                                      {pd product} {ergonomic}
   size_t SoftMaxHeapSize                          = 3676307456                             {manageable} {ergonomic}
     intx TieredStopAtLevel                        = 1                                         {product} {command line}
     bool UseCompressedClassPointers               = true                           {product lp64_product} {ergonomic}
     bool UseCompressedOops                        = true                           {product lp64_product} {ergonomic}
     bool UseG1GC                                  = true                                      {product} {ergonomic}
     bool UseLargePagesIndividualAllocation        = false                                  {pd product} {ergonomic}

Logging:
Log output configuration:
 #0: stdout all=warning uptime,level,tags
 #1: stderr all=off uptime,level,tags

Environment Variables:
JAVA_HOME=D:\jdk17\jdk-17.0.10
PATH=D:\pythonapp\Scripts\;D:\pythonapp\;C:\ProgramData\Oracle\Java\javapath;D:\Program Files (x86)\VMware\VMware Workstation\bin\;C:\WINDOWS\system32;C:\WINDOWS;C:\WINDOWS\System32\Wbem;C:\WINDOWS\System32\WindowsPowerShell\v1.0\;C:\WINDOWS\System32\OpenSSH\;C:\Program Files\dotnet\;D:\google\apache-maven-3.6.3-bin\apache-maven-3.6.3\bin;D:\Git\cmd;C:\Program Files (x86)\Rational\common;D:\app\tortoisegit\bin;C:\Users\∫Æ¥∫≥ı“ª\Œ¢–≈webø™∑¢’ﬂπ§æﬂ\dll;C:\ProgramData\chocolatey\bin;D:\app\node\;D:\app\Œ¢–≈webø™∑¢’ﬂπ§æﬂ\dll;D:\app\;C:\Program Files\Docker\Docker\resources\bin;C:\Users\∫Æ¥∫≥ı“ª\AppData\Local\Microsoft\WindowsApps;C:\Users\∫Æ¥∫≥ı“ª\.dotnet\tools;D:\zz\x86_64-8.1.0-release-win32-seh-rt_v6-rev0 (1)\mingw64\bin;D:\zz\mingw64\bin;C:\Users\∫Æ¥∫≥ı“ª\AppData\Local\Programs\Microsoft VS Code\bin;%IntelliJ IDEA%;D:\jdk17\jdk-17.0.10\bin;C:\Program Files\MySQL\MySQL Server 8.0\bin;C:\Users\∫Æ¥∫≥ı“ª\AppData\Roaming\npm;D:\google\ffmpeg-6.1.1-full_build\ffmpeg-6.1.1-full_build\bin;D:\app\sqlite\sqlitepath;
USERNAME=∫Æ¥∫≥ı“ª
OS=Windows_NT
PROCESSOR_IDENTIFIER=AMD64 Family 25 Model 68 Stepping 1, AuthenticAMD



---------------  S Y S T E M  ---------------

OS:
 Windows 11 , 64 bit Build 26100 (10.0.26100.4202)
OS uptime: 0 days 1:58 hours
Hyper-V role detected

CPU: total 16 (initial active 16) (16 cores per cpu, 2 threads per core) family 25 model 68 stepping 1 microcode 0xa404102, cx8, cmov, fxsr, ht, mmx, 3dnowpref, sse, sse2, sse3, ssse3, sse4a, sse4.1, sse4.2, popcnt, lzcnt, tsc, tscinvbit, avx, avx2, aes, erms, clmul, bmi1, bmi2, adx, sha, fma, vzeroupper, clflush, clflushopt, hv

Memory: 4k page, system-wide physical 14020M (2385M free)
TotalPageFile size 26206M (AvailPageFile size 125M)
current process WorkingSet (physical memory assigned to process): 12M, peak: 12M
current process commit charge ("private bytes"): 66M, peak: 285M

vm_info: Java HotSpot(TM) 64-Bit Server VM (17.0.10+11-LTS-240) for windows-amd64 JRE (17.0.10+11-LTS-240), built on Dec 19 2023 21:47:25 by "mach5one" with MS VC++ 17.1 (VS2022)

END.
